GET /api/cards 200 - - 613.786 ms Tue, 23 Jul 2024 20:37:23 GMT
GET /api/cards/ 200 - - 631.711 ms Wed, 24 Jul 2024 20:42:34 GMT
GET /api/cards 200 - - 584.452 ms Wed, 24 Jul 2024 20:58:53 GMT
GET /api/cards/ 200 - - 1654.429 ms Wed, 24 Jul 2024 21:14:49 GMT
GET /api/cards/ 304 - - 536.936 ms Wed, 24 Jul 2024 21:15:19 GMT
GET /api/cards/ 304 - - 459.387 ms Wed, 24 Jul 2024 21:16:15 GMT
GET /api/cards/ 304 - - 506.793 ms Wed, 24 Jul 2024 21:29:07 GMT
GET /api/cards/ 304 - - 457.042 ms Wed, 24 Jul 2024 21:30:29 GMT
GET /api/cards/ 200 - - 688.280 ms Thu, 25 Jul 2024 18:26:14 GMT
GET /api/cards/ 304 - - 471.259 ms Thu, 25 Jul 2024 18:28:27 GMT
GET /api/cards/ 304 - - 429.788 ms Thu, 25 Jul 2024 18:29:08 GMT
GET /api/cards/ 304 - - 491.220 ms Thu, 25 Jul 2024 18:46:29 GMT
GET /api/cards/ 304 - - 478.297 ms Thu, 25 Jul 2024 18:47:10 GMT
GET /api/cards/ 304 - - 473.220 ms Thu, 25 Jul 2024 18:54:22 GMT
GET /api/cards/ 304 - - 452.274 ms Thu, 25 Jul 2024 18:58:38 GMT
GET /api/cards/ 304 - - 468.562 ms Thu, 25 Jul 2024 18:58:47 GMT
GET /api/cards/ 304 - - 481.578 ms Thu, 25 Jul 2024 19:11:47 GMT
GET /api/cards/ 304 - - 492.879 ms Thu, 25 Jul 2024 19:12:00 GMT
GET /api/cards/ 304 - - 480.667 ms Thu, 25 Jul 2024 19:20:29 GMT
GET /api/cards/ 304 - - 442.161 ms Thu, 25 Jul 2024 19:22:04 GMT
GET /api/cards/ 304 - - 653.873 ms Thu, 25 Jul 2024 19:23:19 GMT
GET /api/cards/ 304 - - 573.754 ms Thu, 25 Jul 2024 19:28:11 GMT
GET /api/cards/ 304 - - 558.705 ms Thu, 25 Jul 2024 20:02:36 GMT
GET /api/cards/ 304 - - 477.412 ms Thu, 25 Jul 2024 20:05:21 GMT
GET /api/cards/ 304 - - 473.383 ms Thu, 25 Jul 2024 20:16:35 GMT
GET /api/cards/ 304 - - 509.910 ms Thu, 25 Jul 2024 20:41:29 GMT
GET /api/cards/ 304 - - 675.220 ms Thu, 25 Jul 2024 20:43:06 GMT
GET /api/cards/ 304 - - 697.250 ms Thu, 25 Jul 2024 20:46:00 GMT
GET /api/cards/ 304 - - 521.441 ms Thu, 25 Jul 2024 20:46:16 GMT
GET /api/cards/ 304 - - 567.428 ms Thu, 25 Jul 2024 20:46:48 GMT
GET /api/cards/ 304 - - 735.198 ms Thu, 25 Jul 2024 22:15:26 GMT
GET /api/cards/ 304 - - 547.544 ms Thu, 25 Jul 2024 22:16:31 GMT
GET /api/cards/ 304 - - 813.502 ms Thu, 25 Jul 2024 22:19:44 GMT
GET /api/cards/ 304 - - 499.947 ms Thu, 25 Jul 2024 22:20:55 GMT
GET /api/cards/ 304 - - 451.535 ms Thu, 25 Jul 2024 22:21:09 GMT
GET /api/cards/ 304 - - 683.969 ms Thu, 25 Jul 2024 22:24:24 GMT
GET /api/cards/ 304 - - 771.458 ms Fri, 26 Jul 2024 05:05:10 GMT
GET /api/cards/ 304 - - 654.732 ms Fri, 26 Jul 2024 05:11:00 GMT
GET /api/cards/ 304 - - 430.321 ms Fri, 26 Jul 2024 05:11:10 GMT
GET /api/cards/ 304 - - 1648.688 ms Fri, 26 Jul 2024 05:40:36 GMT
GET /api/cards/ 304 - - 626.717 ms Fri, 26 Jul 2024 05:42:43 GMT
GET /api/cards/ 304 - - 1660.798 ms Fri, 26 Jul 2024 05:43:07 GMT
GET /api/cards/ 304 - - 686.612 ms Fri, 26 Jul 2024 05:44:39 GMT
GET /api/cards/ 304 - - 1292.025 ms Fri, 26 Jul 2024 05:45:04 GMT
GET /api/cards/ 304 - - 426.961 ms Fri, 26 Jul 2024 05:46:18 GMT
GET /api/cards/ 304 - - 452.183 ms Fri, 26 Jul 2024 05:50:31 GMT
GET /api/cards/ 304 - - 1657.377 ms Fri, 26 Jul 2024 05:53:32 GMT
GET /api/cards/ 304 - - 461.638 ms Fri, 26 Jul 2024 05:58:36 GMT
GET /api/cards/ 304 - - 501.289 ms Fri, 26 Jul 2024 06:40:59 GMT
GET /api/cards/ 304 - - 490.060 ms Fri, 26 Jul 2024 06:49:37 GMT
GET /api/cards/ 304 - - 436.950 ms Fri, 26 Jul 2024 06:51:11 GMT
GET /api/cards/ - - - - ms Fri, 26 Jul 2024 06:52:57 GMT
GET /api/cards/ 200 - - 403.109 ms Fri, 26 Jul 2024 06:52:57 GMT
GET /api/cards/ 304 - - 470.626 ms Fri, 26 Jul 2024 06:53:33 GMT
GET /api/cards/ 304 - - 1630.093 ms Fri, 26 Jul 2024 06:55:37 GMT
GET /api/cards/ 304 - - 453.486 ms Fri, 26 Jul 2024 06:56:34 GMT
GET /api/cards/ 304 - - 466.635 ms Fri, 26 Jul 2024 06:58:37 GMT
GET /api/cards/ 304 - - 527.895 ms Fri, 26 Jul 2024 07:10:27 GMT
GET /api/cards/ 304 - - 429.250 ms Fri, 26 Jul 2024 07:16:18 GMT
GET /api/cards/ 304 - - 455.677 ms Fri, 26 Jul 2024 07:21:34 GMT
GET /api/cards/ 304 - - 484.547 ms Fri, 26 Jul 2024 07:52:57 GMT
GET /api/cards/ 304 - - 1682.489 ms Fri, 26 Jul 2024 07:54:10 GMT
GET /api/cards/ 304 - - 651.541 ms Fri, 26 Jul 2024 07:55:12 GMT
GET /api/cards/ 304 - - 458.563 ms Fri, 26 Jul 2024 07:55:41 GMT
GET /api/cards/ 304 - - 406.676 ms Fri, 26 Jul 2024 08:02:05 GMT
GET /api/cards/ 304 - - 448.440 ms Fri, 26 Jul 2024 08:05:35 GMT
GET /api/cards/ 304 - - 437.325 ms Fri, 26 Jul 2024 08:11:06 GMT
GET /api/cards/ 304 - - 636.792 ms Fri, 26 Jul 2024 18:56:08 GMT
GET /api/cards/ 304 - - 489.952 ms Fri, 26 Jul 2024 19:03:42 GMT
GET /api/cards/ 304 - - 645.124 ms Fri, 26 Jul 2024 19:18:12 GMT
GET /api/cards/ 304 - - 440.964 ms Fri, 26 Jul 2024 19:18:31 GMT
GET /api/cards/ 304 - - 445.427 ms Fri, 26 Jul 2024 19:18:46 GMT
GET /api/cards/ 304 - - 572.695 ms Fri, 26 Jul 2024 19:27:04 GMT
GET /api/cards/ 304 - - 506.279 ms Fri, 26 Jul 2024 19:27:16 GMT
GET /api/cards/ 304 - - 427.279 ms Fri, 26 Jul 2024 19:29:10 GMT
GET /api/cards/ 304 - - 804.156 ms Fri, 26 Jul 2024 19:29:53 GMT
GET /api/cards/ 304 - - 1694.269 ms Fri, 26 Jul 2024 19:30:36 GMT
GET /api/cards/ 304 - - 474.430 ms Fri, 26 Jul 2024 19:32:26 GMT
GET /api/cards/ 304 - - 557.149 ms Fri, 26 Jul 2024 19:32:33 GMT
GET /api/cards/ 304 - - 1646.080 ms Fri, 26 Jul 2024 19:36:28 GMT
GET /api/cards/ 304 - - 458.100 ms Fri, 26 Jul 2024 19:36:36 GMT
GET /api/cards/ 304 - - 484.294 ms Fri, 26 Jul 2024 19:59:45 GMT
GET /api/cards/ 304 - - 458.823 ms Fri, 26 Jul 2024 19:59:51 GMT
GET /api/cards/ 304 - - 464.481 ms Fri, 26 Jul 2024 20:02:08 GMT
GET /api/cards/ 304 - - 472.574 ms Fri, 26 Jul 2024 20:02:15 GMT
GET /api/cards/ 304 - - 485.600 ms Fri, 26 Jul 2024 20:02:21 GMT
GET /api/cards/ 304 - - 452.480 ms Fri, 26 Jul 2024 20:10:22 GMT
GET /api/cards/ 304 - - 441.881 ms Fri, 26 Jul 2024 20:13:18 GMT
GET /api/cards/ 304 - - 464.953 ms Fri, 26 Jul 2024 20:13:48 GMT
GET /api/cards/ 304 - - 449.464 ms Fri, 26 Jul 2024 20:13:50 GMT
GET /api/cards/ 304 - - 512.915 ms Fri, 26 Jul 2024 20:14:02 GMT
GET /api/cards/ 304 - - 565.707 ms Fri, 26 Jul 2024 20:14:12 GMT
GET /api/cards/ 304 - - 492.815 ms Fri, 26 Jul 2024 20:14:31 GMT
GET /api/cards/ 304 - - 627.530 ms Fri, 26 Jul 2024 20:14:35 GMT
GET /api/cards/ 304 - - 504.505 ms Fri, 26 Jul 2024 20:14:41 GMT
GET /api/cards/ 304 - - 456.167 ms Fri, 26 Jul 2024 20:15:10 GMT
GET /api/cards/ 304 - - 1699.225 ms Fri, 26 Jul 2024 20:15:20 GMT
GET /api/cards/ 304 - - 531.378 ms Fri, 26 Jul 2024 20:15:39 GMT
GET /api/cards/ 304 - - 470.368 ms Fri, 26 Jul 2024 20:17:12 GMT
GET /api/cards/ 304 - - 525.307 ms Fri, 26 Jul 2024 20:24:50 GMT
GET /api/cards/ 304 - - 452.770 ms Fri, 26 Jul 2024 20:27:19 GMT
GET /api/cards/ 304 - - 519.248 ms Fri, 26 Jul 2024 20:30:39 GMT
GET /api/cards/ 304 - - 460.295 ms Fri, 26 Jul 2024 20:30:55 GMT
GET /api/cards/ 304 - - 471.097 ms Fri, 26 Jul 2024 20:31:01 GMT
GET /api/cards/ 304 - - 497.017 ms Fri, 26 Jul 2024 20:31:49 GMT
GET /api/cards/ 304 - - 462.262 ms Fri, 26 Jul 2024 20:34:23 GMT
GET /api/cards/ 304 - - 621.751 ms Fri, 26 Jul 2024 20:34:59 GMT
GET /api/cards/ 304 - - 467.308 ms Fri, 26 Jul 2024 20:35:20 GMT
GET /api/cards/ 304 - - 562.140 ms Fri, 26 Jul 2024 20:35:32 GMT
GET /api/cards/ 304 - - 468.615 ms Fri, 26 Jul 2024 20:37:00 GMT
GET /api/cards/ 304 - - 526.248 ms Fri, 26 Jul 2024 20:37:17 GMT
GET /api/cards/ 304 - - 534.852 ms Fri, 26 Jul 2024 20:38:36 GMT
GET /api/cards/ 304 - - 475.027 ms Fri, 26 Jul 2024 20:40:45 GMT
GET /api/cards/ 304 - - 466.332 ms Fri, 26 Jul 2024 20:41:57 GMT
GET /api/cards/ 304 - - 480.811 ms Fri, 26 Jul 2024 20:42:19 GMT
GET /api/cards/ 304 - - 1320.224 ms Fri, 26 Jul 2024 20:42:41 GMT
GET /api/cards/ 304 - - 516.373 ms Fri, 26 Jul 2024 20:43:01 GMT
GET /api/chosecard 200 - - 2.296 ms Fri, 26 Jul 2024 21:28:05 GMT
GET /api/chosecard 200 - - 3.832 ms Sat, 27 Jul 2024 07:52:52 GMT
GET /api/cards 201 - - 861.043 ms Sat, 27 Jul 2024 07:53:03 GMT
GET /api/cards 201 - - 528.959 ms Sat, 27 Jul 2024 22:06:46 GMT
GET /api/cards/BT1-002 201 - - 2.109 ms Sun, 28 Jul 2024 02:44:23 GMT
GET /api/cards/ 201 - - 650.653 ms Sun, 28 Jul 2024 03:02:40 GMT
GET /api/cards/ 201 - - 649.707 ms Sun, 28 Jul 2024 03:05:56 GMT
GET /api/cards/BT1-002 201 - - 351.110 ms Sun, 28 Jul 2024 03:23:23 GMT
GET /api/cardcron/7-29-2024 404 - - 1.975 ms Mon, 29 Jul 2024 19:17:44 GMT
GET /api/cardscron/7-29-2024 404 - - 0.336 ms Mon, 29 Jul 2024 19:18:15 GMT
GET /api/cardscron/7-29-2024 404 - - 0.205 ms Mon, 29 Jul 2024 19:18:37 GMT
GET /api/cardscron/7-29-2024 404 - - 0.244 ms Mon, 29 Jul 2024 19:19:14 GMT
GET /api/cardscron/7-29-2024 201 - - 77.851 ms Mon, 29 Jul 2024 19:28:22 GMT
GET /api/cardscron/7-29-2024 201 - - 74.455 ms Mon, 29 Jul 2024 19:29:01 GMT
GET /api/cardscron/7-29-2024 201 - - 82.397 ms Mon, 29 Jul 2024 23:01:29 GMT
GET /api/cardscron/7-29-2024 201 - - 106.964 ms Mon, 29 Jul 2024 23:32:08 GMT
GET /api/cards/ 304 - - 506.692 ms Mon, 29 Jul 2024 23:32:09 GMT
GET /api/cardscron/7-29-2024 201 - - 77.755 ms Mon, 29 Jul 2024 23:32:31 GMT
GET /api/cards/ 304 - - 453.351 ms Mon, 29 Jul 2024 23:32:31 GMT
